Added Component: Designator=P1(HDR1X4)
Added Component: Designator=U2(SOT23-6_M)
Added Pin To Net: NetName=5V Pin=P1-1
Added Pin To Net: NetName=RTN Pin=P1-2
Added Pin To Net: NetName=GND Pin=U2-1
Added Pin To Net: NetName=GND Pin=U2-4
Added Net: Name=GND
Added Pin To Net: NetName=NetK1_4 Pin=K1-4
Added Pin To Net: NetName=NetK1_4 Pin=U2-6
Added Net: Name=NetK1_4
Added Pin To Net: NetName=NetK2_4 Pin=K2-4
Added Pin To Net: NetName=NetK2_4 Pin=U2-3
Added Net: Name=NetK2_4
Added Pin To Net: NetName=R1_CTL Pin=U2-2
Added Net: Name=R1_CTL
Added Pin To Net: NetName=R2_CTL Pin=P1-3
Added Pin To Net: NetName=R2_CTL Pin=P1-4
Added Pin To Net: NetName=R2_CTL Pin=U2-5
Added Net: Name=R2_CTL
Added Member To Class: ClassName=BBTC-PSU Member=Component P1 Header 4
Added Member To Class: ClassName=BBTC-PSU Member=Component U2 NUD3124
