Removed Parameter Code_IEC:1005 from Part L1
Removed Parameter Code_IEC:1005 from Part L2
Removed Parameter Code_JEDEC:DO-204-AL from Part D1
Removed Parameter Code_JEDEC:DO-204-AL from Part D2
Removed Parameter Code_JEDEC:DO-204-AL from Part D3
Removed Parameter Code_JEDEC:DO-204-AL from Part D4
Removed Parameter Code_JEDEC:DO-204-AL from Part D5
Removed Parameter Code_JEDEC:DO-214-AA from Part D7
Removed Parameter Code_JEDEC:DO-214-AB from Part D6
Removed Parameter Code_JEITA:0402 from Part L1
Removed Parameter Code_JEITA:0402 from Part L2
Removed Parameter ComponentLink1Description:Manufacturer Link from Part D1
Removed Parameter ComponentLink1Description:Manufacturer Link from Part D2
Removed Parameter ComponentLink1Description:Manufacturer Link from Part D3
Removed Parameter ComponentLink1Description:Manufacturer Link from Part D4
Removed Parameter ComponentLink1Description:Manufacturer Link from Part D5
Removed Parameter ComponentLink1URL:http://www.fairchildsemi.com/ from Part D1
Removed Parameter ComponentLink1URL:http://www.fairchildsemi.com/ from Part D2
Removed Parameter ComponentLink1URL:http://www.fairchildsemi.com/ from Part D3
Removed Parameter ComponentLink1URL:http://www.fairchildsemi.com/ from Part D4
Removed Parameter ComponentLink1URL:http://www.fairchildsemi.com/ from Part D5
Removed Parameter ComponentLink2Description:Datasheet from Part D1
Removed Parameter ComponentLink2Description:Datasheet from Part D2
Removed Parameter ComponentLink2Description:Datasheet from Part D3
Removed Parameter ComponentLink2Description:Datasheet from Part D4
Removed Parameter ComponentLink2Description:Datasheet from Part D5
Removed Parameter ComponentLink2URL:http://www.fairchildsemi.com/ds/1N%2F1N4001.pdf from Part D1
Removed Parameter ComponentLink2URL:http://www.fairchildsemi.com/ds/1N%2F1N4001.pdf from Part D2
Removed Parameter ComponentLink2URL:http://www.fairchildsemi.com/ds/1N%2F1N4001.pdf from Part D3
Removed Parameter ComponentLink2URL:http://www.fairchildsemi.com/ds/1N%2F1N4001.pdf from Part D4
Removed Parameter ComponentLink2URL:http://www.fairchildsemi.com/ds/1N%2F1N4001.pdf from Part D5
Removed Parameter DatasheetVersion:1998 from Part D1
Removed Parameter DatasheetVersion:1998 from Part D2
Removed Parameter DatasheetVersion:1998 from Part D3
Removed Parameter DatasheetVersion:1998 from Part D4
Removed Parameter DatasheetVersion:1998 from Part D5
Removed Parameter PackageVersion:Aug-1999 from Part D1
Removed Parameter PackageVersion:Aug-1999 from Part D2
Removed Parameter PackageVersion:Aug-1999 from Part D3
Removed Parameter PackageVersion:Aug-1999 from Part D4
Removed Parameter PackageVersion:Aug-1999 from Part D5
Removed Parameter PackageVersion:Sep-1996 from Part D6
