Added Component: Designator=C1(CAP-10D-5L)
Added Component: Designator=C2(CAP-12.5D-5L)
Added Component: Designator=C3(0805)
Added Component: Designator=C4(0805)
Added Component: Designator=C5(0805)
Added Component: Designator=C6(0805)
Added Component: Designator=C7(CAP-8D-3.5L)
Added Component: Designator=C8(CAP-8D-3.5L)
Added Component: Designator=D1(DO-41)
Added Component: Designator=D2(DO-41)
Added Component: Designator=D3(DO-41)
Added Component: Designator=D4(DO-41)
Added Component: Designator=D5(DO-41)
Added Component: Designator=D6(SOD-80)
Added Component: Designator=D7(DIODE_SMC)
Added Component: Designator=L1(TSL0808)
Added Component: Designator=L2(TSL0808)
Added Component: Designator=R1(1206)
Added Component: Designator=R2(1206)
Added Component: Designator=R3(0805)
Added Component: Designator=R4(1206)
Added Component: Designator=R5(0603)
Added Component: Designator=R6(0603)
Added Component: Designator=R7(0603)
Added Component: Designator=R8(0805)
Added Component: Designator=R9(0805)
Added Component: Designator=RF1(AXIAL-0.5)
Added Component: Designator=T1(CWS-T1-RDR158)
Added Component: Designator=U1(LNK6XX)
Added Pin To Net: NetName=5V Pin=C6-1
Added Pin To Net: NetName=5V Pin=C7-1
Added Pin To Net: NetName=5V Pin=C8-1
Added Pin To Net: NetName=5V Pin=D7-2
Added Pin To Net: NetName=5V Pin=R9-1
Added Net: Name=5V
Added Pin To Net: NetName=NetC1_1 Pin=C1-1
Added Pin To Net: NetName=NetC1_1 Pin=D1-2
Added Pin To Net: NetName=NetC1_1 Pin=D2-2
Added Pin To Net: NetName=NetC1_1 Pin=L1-1
Added Pin To Net: NetName=NetC1_1 Pin=R1-1
Added Net: Name=NetC1_1
Added Pin To Net: NetName=NetC1_2 Pin=C1-2
Added Pin To Net: NetName=NetC1_2 Pin=D3-1
Added Pin To Net: NetName=NetC1_2 Pin=D4-1
Added Pin To Net: NetName=NetC1_2 Pin=L2-1
Added Pin To Net: NetName=NetC1_2 Pin=R2-1
Added Net: Name=NetC1_2
Added Pin To Net: NetName=NetC2_1 Pin=C2-1
Added Pin To Net: NetName=NetC2_1 Pin=C3-1
Added Pin To Net: NetName=NetC2_1 Pin=L1-2
Added Pin To Net: NetName=NetC2_1 Pin=R1-2
Added Pin To Net: NetName=NetC2_1 Pin=R3-2
Added Pin To Net: NetName=NetC2_1 Pin=T1-1
Added Net: Name=NetC2_1
Added Pin To Net: NetName=NetC2_2 Pin=C2-2
Added Pin To Net: NetName=NetC2_2 Pin=C4-2
Added Pin To Net: NetName=NetC2_2 Pin=C5-2
Added Pin To Net: NetName=NetC2_2 Pin=L2-2
Added Pin To Net: NetName=NetC2_2 Pin=R2-2
Added Pin To Net: NetName=NetC2_2 Pin=R6-2
Added Pin To Net: NetName=NetC2_2 Pin=T1-2
Added Pin To Net: NetName=NetC2_2 Pin=U1-5
Added Pin To Net: NetName=NetC2_2 Pin=U1-6
Added Pin To Net: NetName=NetC2_2 Pin=U1-7
Added Pin To Net: NetName=NetC2_2 Pin=U1-8
Added Net: Name=NetC2_2
Added Pin To Net: NetName=NetC3_2 Pin=C3-2
Added Pin To Net: NetName=NetC3_2 Pin=R3-1
Added Pin To Net: NetName=NetC3_2 Pin=R4-2
Added Net: Name=NetC3_2
Added Pin To Net: NetName=NetC4_1 Pin=C4-1
Added Pin To Net: NetName=NetC4_1 Pin=R7-2
Added Pin To Net: NetName=NetC4_1 Pin=U1-2
Added Net: Name=NetC4_1
Added Pin To Net: NetName=NetC5_1 Pin=C5-1
Added Pin To Net: NetName=NetC5_1 Pin=D6-2
Added Pin To Net: NetName=NetC5_1 Pin=R7-1
Added Net: Name=NetC5_1
Added Pin To Net: NetName=NetC6_2 Pin=C6-2
Added Pin To Net: NetName=NetC6_2 Pin=R8-1
Added Net: Name=NetC6_2
Added Pin To Net: NetName=NetD1_1 Pin=D1-1
Added Pin To Net: NetName=NetD1_1 Pin=D3-2
Added Pin To Net: NetName=NetD1_1 Pin=RF1-2
Added Net: Name=NetD1_1
Added Pin To Net: NetName=NetD2_1 Pin=D2-1
Added Pin To Net: NetName=NetD2_1 Pin=D4-2
Added Net: Name=NetD2_1
Added Pin To Net: NetName=NetD5_1 Pin=D5-1
Added Pin To Net: NetName=NetD5_1 Pin=T1-4
Added Pin To Net: NetName=NetD5_1 Pin=U1-4
Added Net: Name=NetD5_1
Added Pin To Net: NetName=NetD5_2 Pin=D5-2
Added Pin To Net: NetName=NetD5_2 Pin=R4-1
Added Net: Name=NetD5_2
Added Pin To Net: NetName=NetD6_1 Pin=D6-1
Added Pin To Net: NetName=NetD6_1 Pin=T1-5
Added Net: Name=NetD6_1
Added Pin To Net: NetName=NetD7_1 Pin=D7-1
Added Pin To Net: NetName=NetD7_1 Pin=R8-2
Added Pin To Net: NetName=NetD7_1 Pin=T1-10
Added Net: Name=NetD7_1
Added Pin To Net: NetName=NetR5_1 Pin=R5-1
Added Pin To Net: NetName=NetR5_1 Pin=T1-3
Added Net: Name=NetR5_1
Added Pin To Net: NetName=NetR5_2 Pin=R5-2
Added Pin To Net: NetName=NetR5_2 Pin=R6-1
Added Pin To Net: NetName=NetR5_2 Pin=U1-1
Added Net: Name=NetR5_2
Added Pin To Net: NetName=RTN Pin=C7-2
Added Pin To Net: NetName=RTN Pin=C8-2
Added Pin To Net: NetName=RTN Pin=R9-2
Added Pin To Net: NetName=RTN Pin=T1-8
Added Net: Name=RTN
Added Class: Name=BBTC-PSU
Added Room: Name=BBTC-PSU
