Removed Parameter LatestRevisionDate:17-Jul-2002 from Part C1
Removed Parameter LatestRevisionDate:17-Jul-2002 from Part C2
Removed Parameter LatestRevisionDate:17-Jul-2002 from Part C3
Removed Parameter LatestRevisionDate:17-Jul-2002 from Part C4
Removed Parameter LatestRevisionDate:17-Jul-2002 from Part C5
Removed Parameter LatestRevisionDate:17-Jul-2002 from Part C6
Removed Parameter LatestRevisionDate:17-Jul-2002 from Part C7
Removed Parameter LatestRevisionDate:17-Jul-2002 from Part C8
Removed Parameter LatestRevisionDate:17-Jul-2002 from Part D1
Removed Parameter LatestRevisionDate:17-Jul-2002 from Part D2
Removed Parameter LatestRevisionDate:17-Jul-2002 from Part D3
Removed Parameter LatestRevisionDate:17-Jul-2002 from Part D4
Removed Parameter LatestRevisionDate:17-Jul-2002 from Part D5
Removed Parameter LatestRevisionDate:17-Jul-2002 from Part D6
Removed Parameter LatestRevisionDate:17-Jul-2002 from Part D7
Removed Parameter LatestRevisionDate:17-Jul-2002 from Part R1
Removed Parameter LatestRevisionDate:17-Jul-2002 from Part R2
Removed Parameter LatestRevisionDate:17-Jul-2002 from Part R3
Removed Parameter LatestRevisionDate:17-Jul-2002 from Part R4
Removed Parameter LatestRevisionDate:17-Jul-2002 from Part R5
Removed Parameter LatestRevisionDate:17-Jul-2002 from Part R6
Removed Parameter LatestRevisionDate:17-Jul-2002 from Part R7
Removed Parameter LatestRevisionDate:17-Jul-2002 from Part R8
Removed Parameter LatestRevisionDate:17-Jul-2002 from Part R9
Removed Parameter LatestRevisionDate:17-Jul-2002 from Part RF1
Removed Parameter LatestRevisionDate:29-May-2009 from Part L1
Removed Parameter LatestRevisionDate:29-May-2009 from Part L2
Removed Parameter LatestRevisionNote:IPC-7351 Footprint Added. from Part L1
Removed Parameter LatestRevisionNote:IPC-7351 Footprint Added. from Part L2
Removed Parameter LatestRevisionNote:Re-released for DXP Platform. from Part C1
Removed Parameter LatestRevisionNote:Re-released for DXP Platform. from Part C2
Removed Parameter LatestRevisionNote:Re-released for DXP Platform. from Part C3
Removed Parameter LatestRevisionNote:Re-released for DXP Platform. from Part C4
Removed Parameter LatestRevisionNote:Re-released for DXP Platform. from Part C5
Removed Parameter LatestRevisionNote:Re-released for DXP Platform. from Part C6
Removed Parameter LatestRevisionNote:Re-released for DXP Platform. from Part C7
Removed Parameter LatestRevisionNote:Re-released for DXP Platform. from Part C8
Removed Parameter LatestRevisionNote:Re-released for DXP Platform. from Part D1
Removed Parameter LatestRevisionNote:Re-released for DXP Platform. from Part D2
Removed Parameter LatestRevisionNote:Re-released for DXP Platform. from Part D3
Removed Parameter LatestRevisionNote:Re-released for DXP Platform. from Part D4
Removed Parameter LatestRevisionNote:Re-released for DXP Platform. from Part D5
Removed Parameter LatestRevisionNote:Re-released for DXP Platform. from Part D6
Removed Parameter LatestRevisionNote:Re-released for DXP Platform. from Part D7
Removed Parameter LatestRevisionNote:Re-released for DXP Platform. from Part R1
Removed Parameter LatestRevisionNote:Re-released for DXP Platform. from Part R2
Removed Parameter LatestRevisionNote:Re-released for DXP Platform. from Part R3
Removed Parameter LatestRevisionNote:Re-released for DXP Platform. from Part R4
Removed Parameter LatestRevisionNote:Re-released for DXP Platform. from Part R5
Removed Parameter LatestRevisionNote:Re-released for DXP Platform. from Part R6
Removed Parameter LatestRevisionNote:Re-released for DXP Platform. from Part R7
Removed Parameter LatestRevisionNote:Re-released for DXP Platform. from Part R8
Removed Parameter LatestRevisionNote:Re-released for DXP Platform. from Part R9
Removed Parameter LatestRevisionNote:Re-released for DXP Platform. from Part RF1
Removed Parameter PackageDescription:Axial Device, Thru-Hole; 2 Leads; 0.3 in Pin Spacing from Part R1
Removed Parameter PackageDescription:Axial Device, Thru-Hole; 2 Leads; 0.3 in Pin Spacing from Part R2
Removed Parameter PackageDescription:Axial Device, Thru-Hole; 2 Leads; 0.3 in Pin Spacing from Part R3
Removed Parameter PackageDescription:Axial Device, Thru-Hole; 2 Leads; 0.3 in Pin Spacing from Part R4
Removed Parameter PackageDescription:Axial Device, Thru-Hole; 2 Leads; 0.3 in Pin Spacing from Part R5
Removed Parameter PackageDescription:Axial Device, Thru-Hole; 2 Leads; 0.3 in Pin Spacing from Part R6
Removed Parameter PackageDescription:Axial Device, Thru-Hole; 2 Leads; 0.3 in Pin Spacing from Part R7
Removed Parameter PackageDescription:Axial Device, Thru-Hole; 2 Leads; 0.3 in Pin Spacing from Part R8
Removed Parameter PackageDescription:Axial Device, Thru-Hole; 2 Leads; 0.3 in Pin Spacing from Part R9
Removed Parameter PackageDescription:Axial Device, Thru-Hole; 2 Leads; 0.3 in Pin Spacing from Part RF1
Removed Parameter PackageDescription:Chip Inductor from Part L1
Removed Parameter PackageDescription:Chip Inductor from Part L2
Removed Parameter PackageDescription:Diode, Axial; Body 5.2 x 2.7 mm (LxDia. max), Lead Dia. 0.86 mm (max) from Part D1
Removed Parameter PackageDescription:Diode, Axial; Body 5.2 x 2.7 mm (LxDia. max), Lead Dia. 0.86 mm (max) from Part D2
Removed Parameter PackageDescription:Diode, Axial; Body 5.2 x 2.7 mm (LxDia. max), Lead Dia. 0.86 mm (max) from Part D3
Removed Parameter PackageDescription:Diode, Axial; Body 5.2 x 2.7 mm (LxDia. max), Lead Dia. 0.86 mm (max) from Part D4
Removed Parameter PackageDescription:Diode, Axial; Body 5.2 x 2.7 mm (LxDia. max), Lead Dia. 0.86 mm (max) from Part D5
Removed Parameter PackageDescription:DO-214-AA/SMB; 2 C-Bend Leads; Body 5.3 x 3.6 mm, inc. leads (LxW) from Part D7
Removed Parameter PackageDescription:DO-214-AB/SMC; 2 C-Bend Leads; Body 7.9 x 5.9 mm, inc. leads (LxW) from Part D6
Removed Parameter PackageDescription:Polarized Capacitor (Radial); 2 Leads from Part C1
Removed Parameter PackageDescription:Polarized Capacitor (Radial); 2 Leads from Part C2
Removed Parameter PackageDescription:Polarized Capacitor (Radial); 2 Leads from Part C7
Removed Parameter PackageDescription:Polarized Capacitor (Radial); 2 Leads from Part C8
Removed Parameter PackageDescription:Radial Cap, Thru-Hole; 2 Leads; 0.3 in Pin Spacing from Part C3
Removed Parameter PackageDescription:Radial Cap, Thru-Hole; 2 Leads; 0.3 in Pin Spacing from Part C4
Removed Parameter PackageDescription:Radial Cap, Thru-Hole; 2 Leads; 0.3 in Pin Spacing from Part C5
Removed Parameter PackageDescription:Radial Cap, Thru-Hole; 2 Leads; 0.3 in Pin Spacing from Part C6
Removed Parameter PackageReference:0402-A from Part L1
Removed Parameter PackageReference:0402-A from Part L2
Removed Parameter PackageReference:AXIAL-0.3 from Part R1
Removed Parameter PackageReference:AXIAL-0.3 from Part R2
Removed Parameter PackageReference:AXIAL-0.3 from Part R3
Removed Parameter PackageReference:AXIAL-0.3 from Part R4
Removed Parameter PackageReference:AXIAL-0.3 from Part R5
Removed Parameter PackageReference:AXIAL-0.3 from Part R6
Removed Parameter PackageReference:AXIAL-0.3 from Part R7
Removed Parameter PackageReference:AXIAL-0.3 from Part R8
Removed Parameter PackageReference:AXIAL-0.3 from Part R9
Removed Parameter PackageReference:AXIAL-0.3 from Part RF1
Removed Parameter PackageReference:DO-41 from Part D1
Removed Parameter PackageReference:DO-41 from Part D2
Removed Parameter PackageReference:DO-41 from Part D3
Removed Parameter PackageReference:DO-41 from Part D4
Removed Parameter PackageReference:DO-41 from Part D5
Removed Parameter PackageReference:RAD-0.3 from Part C3
Removed Parameter PackageReference:RAD-0.3 from Part C4
Removed Parameter PackageReference:RAD-0.3 from Part C5
Removed Parameter PackageReference:RAD-0.3 from Part C6
Removed Parameter PackageReference:RB7.6-15 from Part C1
Removed Parameter PackageReference:RB7.6-15 from Part C2
Removed Parameter PackageReference:RB7.6-15 from Part C7
Removed Parameter PackageReference:RB7.6-15 from Part C8
Removed Parameter PackageReference:SMB from Part D7
Removed Parameter PackageReference:SMC from Part D6
Removed Parameter Published:8-Jun-2000 from Part C1
Removed Parameter Published:8-Jun-2000 from Part C2
Removed Parameter Published:8-Jun-2000 from Part C3
Removed Parameter Published:8-Jun-2000 from Part C4
Removed Parameter Published:8-Jun-2000 from Part C5
Removed Parameter Published:8-Jun-2000 from Part C6
Removed Parameter Published:8-Jun-2000 from Part C7
Removed Parameter Published:8-Jun-2000 from Part C8
Removed Parameter Published:8-Jun-2000 from Part D1
Removed Parameter Published:8-Jun-2000 from Part D2
Removed Parameter Published:8-Jun-2000 from Part D3
Removed Parameter Published:8-Jun-2000 from Part D4
Removed Parameter Published:8-Jun-2000 from Part D5
Removed Parameter Published:8-Jun-2000 from Part D6
Removed Parameter Published:8-Jun-2000 from Part D7
Removed Parameter Published:8-Jun-2000 from Part L1
Removed Parameter Published:8-Jun-2000 from Part L2
Removed Parameter Published:8-Jun-2000 from Part R1
Removed Parameter Published:8-Jun-2000 from Part R2
Removed Parameter Published:8-Jun-2000 from Part R3
Removed Parameter Published:8-Jun-2000 from Part R4
Removed Parameter Published:8-Jun-2000 from Part R5
Removed Parameter Published:8-Jun-2000 from Part R6
Removed Parameter Published:8-Jun-2000 from Part R7
Removed Parameter Published:8-Jun-2000 from Part R8
Removed Parameter Published:8-Jun-2000 from Part R9
Removed Parameter Published:8-Jun-2000 from Part RF1
Removed Parameter Publisher:Altium Limited from Part C1
Removed Parameter Publisher:Altium Limited from Part C2
Removed Parameter Publisher:Altium Limited from Part C3
Removed Parameter Publisher:Altium Limited from Part C4
Removed Parameter Publisher:Altium Limited from Part C5
Removed Parameter Publisher:Altium Limited from Part C6
Removed Parameter Publisher:Altium Limited from Part C7
Removed Parameter Publisher:Altium Limited from Part C8
Removed Parameter Publisher:Altium Limited from Part D1
Removed Parameter Publisher:Altium Limited from Part D2
Removed Parameter Publisher:Altium Limited from Part D3
Removed Parameter Publisher:Altium Limited from Part D4
Removed Parameter Publisher:Altium Limited from Part D5
Removed Parameter Publisher:Altium Limited from Part D6
Removed Parameter Publisher:Altium Limited from Part D7
Removed Parameter Publisher:Altium Limited from Part L1
Removed Parameter Publisher:Altium Limited from Part L2
Removed Parameter Publisher:Altium Limited from Part R1
Removed Parameter Publisher:Altium Limited from Part R2
Removed Parameter Publisher:Altium Limited from Part R3
Removed Parameter Publisher:Altium Limited from Part R4
Removed Parameter Publisher:Altium Limited from Part R5
Removed Parameter Publisher:Altium Limited from Part R6
Removed Parameter Publisher:Altium Limited from Part R7
Removed Parameter Publisher:Altium Limited from Part R8
Removed Parameter Publisher:Altium Limited from Part R9
Removed Parameter Publisher:Altium Limited from Part RF1
