Removed Parameter LatestRevisionDate:17-Jul-2002 from Part C2
Removed Parameter LatestRevisionDate:17-Jul-2002 from Part C3
Removed Parameter LatestRevisionDate:17-Jul-2002 from Part C4
Removed Parameter LatestRevisionDate:17-Jul-2002 from Part C5
Removed Parameter LatestRevisionDate:17-Jul-2002 from Part C6
Removed Parameter LatestRevisionDate:17-Jul-2002 from Part C7
Removed Parameter LatestRevisionDate:17-Jul-2002 from Part C8
Removed Parameter LatestRevisionDate:17-Jul-2002 from Part C9
Removed Parameter LatestRevisionDate:17-Jul-2002 from Part C10
Removed Parameter LatestRevisionDate:17-Jul-2002 from Part C11
Removed Parameter LatestRevisionDate:17-Jul-2002 from Part C12
Removed Parameter LatestRevisionDate:17-Jul-2002 from Part C13
Removed Parameter LatestRevisionDate:17-Jul-2002 from Part JP1
Removed Parameter LatestRevisionDate:17-Jul-2002 from Part P2
Removed Parameter LatestRevisionDate:17-Jul-2002 from Part P3
Removed Parameter LatestRevisionDate:17-Jul-2002 from Part P4
Removed Parameter LatestRevisionDate:17-Jul-2002 from Part P5
Removed Parameter LatestRevisionDate:17-Jul-2002 from Part R1
Removed Parameter LatestRevisionDate:17-Jul-2002 from Part R2
Removed Parameter LatestRevisionDate:17-Jul-2002 from Part R4
Removed Parameter LatestRevisionDate:17-Jul-2002 from Part R5
Removed Parameter LatestRevisionDate:17-Jul-2002 from Part S1
Removed Parameter LatestRevisionDate:17-Jul-2002 from Part Y1
