Removed Pin From Net: NetName=D0 Pin=P10-1
Removed Pin From Net: NetName=D1 Pin=P10-2
Removed Pin From Net: NetName=D2 Pin=P10-3
Removed Pin From Net: NetName=D3 Pin=P10-4
Removed Pin From Net: NetName=GND Pin=P10-5
Removed Pin From Net: NetName=NetP8_15 Pin=P10-7
Removed Pin From Net: NetName=NetP8_4 Pin=P10-8
Removed Pin From Net: NetName=NetP8_5 Pin=P10-9
Removed Pin From Net: NetName=NetP8_6 Pin=P10-10
Removed Pin From Net: NetName=3V3 Pin=P10-16
Removed Pin From Net: NetName=D4 Pin=P10-22
Removed Pin From Net: NetName=D8 Pin=P10-23
Removed Pin From Net: NetName=D9 Pin=P10-24
Removed Pin From Net: NetName=D10 Pin=P10-25
Removed Pin From Net: NetName=D11 Pin=P10-26
Removed Pin From Net: NetName=D12 Pin=P10-27
Removed Pin From Net: NetName=D13 Pin=P10-28
Removed Pin From Net: NetName=D14 Pin=P10-29
Removed Pin From Net: NetName=D15 Pin=P10-30
Removed Pin From Net: NetName=NetP8_17 Pin=P10-31
Removed Pin From Net: NetName=3V3 Pin=P10-32
Removed Pin From Net: NetName=3V3 Pin=P10-33
Removed Pin From Net: NetName=GND Pin=P10-34
Removed Pin From Net: NetName=D5 Pin=P10-35
Removed Pin From Net: NetName=D6 Pin=P10-36
Removed Pin From Net: NetName=D7 Pin=P10-37
Removed Pin From Net: NetName=GND Pin=Q1-2
Removed Pin From Net: NetName=NetP8_19 Pin=R12-1
Removed Pin From Net: NetName=3V3 Pin=R12-2
Removed Pin From Net: NetName=NetP8_19 Pin=R13-2
Added Pin To Net: NetName=NetU1_15 Pin=U1-15
Added Net: Name=NetU1_15
Added Pin To Net: NetName=NetU1_16 Pin=U1-16
Added Net: Name=NetU1_16
Added Pin To Net: NetName=NetU1_17 Pin=U1-17
Added Net: Name=NetU1_17
Added Pin To Net: NetName=NetU1_20 Pin=U1-20
Added Net: Name=NetU1_20
