Removed Pin From Net: NetName=GND Pin=C17-1
Removed Pin From Net: NetName=3V3 Pin=C17-2
Removed Pin From Net: NetName=GND Pin=C18-1
Removed Pin From Net: NetName=3V3 Pin=C18-2
Removed Pin From Net: NetName=GND Pin=L1-1
Removed Pin From Net: NetName=GND Pin=L2-1
Removed Pin From Net: NetName=GND Pin=P6-2
Removed Pin From Net: NetName=GND Pin=P6-3
Removed Pin From Net: NetName=GND Pin=U2-1
Removed Pin From Net: NetName=GND Pin=U2-9
Removed Pin From Net: NetName=GND Pin=U2-10
Removed Pin From Net: NetName=GND Pin=U2-11
Removed Pin From Net: NetName=NetP11_14 Pin=U2-12
Removed Pin From Net: NetName=SPI1_MISO Pin=U2-13
Removed Pin From Net: NetName=NetP11_12 Pin=U2-14
Removed Pin From Net: NetName=SPI1_MOSI Pin=U2-15
Removed Pin From Net: NetName=GND Pin=U2-16
Removed Pin From Net: NetName=SPI1_SCK Pin=U2-17
Removed Pin From Net: NetName=GND Pin=U2-18
Removed Pin From Net: NetName=3V3 Pin=U2-19
Removed Pin From Net: NetName=GND Pin=U2-20
Removed Pin From Net: NetName=GND Pin=U2-21
Removed Pin From Net: NetName=GND Pin=U2-22
Removed Pin From Net: NetName=3V3 Pin=U2-23
Removed Pin From Net: NetName=GND Pin=U2-25
Removed Pin From Net: NetName=NetP11_10 Pin=U2-26
Removed Pin From Net: NetName=GND Pin=U2-31
Removed Pin From Net: NetName=GND Pin=U2-32
Removed Pin From Net: NetName=GND Pin=U2-33
Removed Pin From Net: NetName=GND Pin=U2-34
Removed Pin From Net: NetName=GND Pin=U2-36
Removed Pin From Net: NetName=GND Pin=U2-37
Removed Pin From Net: NetName=GND Pin=U2-38
Removed Pin From Net: NetName=GND Pin=U2-39
Removed Pin From Net: NetName=GND Pin=U2-40
Removed Pin From Net: NetName=GND Pin=U2-41
Removed Pin From Net: NetName=GND Pin=U2-42
Removed Pin From Net: NetName=GND Pin=U2-43
Removed Pin From Net: NetName=GND Pin=U2-44
Removed Pin From Net: NetName=GND Pin=U2-45
Removed Pin From Net: NetName=GND Pin=U2-46
