Added Component: Designator=ANT1(2500AT44M0400)
Added Component: Designator=C1(0805)
Added Component: Designator=C2(0603)
Added Component: Designator=C3(0603)
Added Component: Designator=C4(0603)
Added Component: Designator=C5(0603)
Added Component: Designator=C6(0603)
Added Component: Designator=C7(0603)
Added Component: Designator=C8(0603)
Added Component: Designator=C9(0603)
Added Component: Designator=C10(0603)
Added Component: Designator=C11(0603)
Added Component: Designator=C12(0402)
Added Component: Designator=C13(0402)
Added Component: Designator=C14(0402)
Added Component: Designator=C15(0402)
Added Component: Designator=C16(0402)
Added Component: Designator=C17(0402)
Added Component: Designator=C18(0402)
Added Component: Designator=C19(0603)
Added Component: Designator=C20(0603)
Added Component: Designator=C21(0603)
Added Component: Designator=C22(0603)
Added Component: Designator=C23(0805)
Added Component: Designator=C24(0805)
Added Component: Designator=L1(0402)
Added Component: Designator=L2(0402)
Added Component: Designator=P1(HDR2X10)
Added Component: Designator=P2(HDR1X4)
Added Component: Designator=P3(HDR2X4)
Added Component: Designator=P4(HDR1X3)
Added Component: Designator=P5(HDR1X3)
Added Component: Designator=P6(U.FL-R-SMT-1)
Added Component: Designator=P7(HDR1X3)
Added Component: Designator=P8(HDR2x20)
Added Component: Designator=P9(HDR2X16)
Added Component: Designator=P10(37 Pin 1mm pitch FPC)
Added Component: Designator=P11(MHDR2X10)
Added Component: Designator=P12(MHDR2X10)
Added Component: Designator=P13(HDR1X4)
Added Component: Designator=P14(HDR1X4)
Added Component: Designator=Q1(SOT-23_M)
Added Component: Designator=R1(0603)
Added Component: Designator=R2(0603)
Added Component: Designator=R4(0603)
Added Component: Designator=R5(0603)
Added Component: Designator=R6(0603)
Added Component: Designator=R7(0603)
Added Component: Designator=R8(0603)
Added Component: Designator=R9(0603)
Added Component: Designator=R10(0603)
Added Component: Designator=R11(0603)
Added Component: Designator=R12(0603)
Added Component: Designator=R13(0603)
Added Component: Designator=S1(FSM4JSMA)
Added Component: Designator=U1(LQFP64)
Added Component: Designator=U2(CC3000)
Added Component: Designator=U3(ISM-WIFI)
Added Component: Designator=U4(369C)
Added Component: Designator=Y1(HC49SD XTAL)
Added Pin To Net: NetName=NetANT1_1 Pin=ANT1-1
Added Pin To Net: NetName=GND Pin=C1-1
Added Pin To Net: NetName=3V3 Pin=C1-2
Added Pin To Net: NetName=GND Pin=C2-1
Added Pin To Net: NetName=3V3 Pin=C2-2
Added Pin To Net: NetName=GND Pin=C3-1
Added Pin To Net: NetName=3V3 Pin=C3-2
Added Pin To Net: NetName=GND Pin=C4-1
Added Pin To Net: NetName=3V3 Pin=C4-2
Added Pin To Net: NetName=GND Pin=C5-1
Added Pin To Net: NetName=3V3 Pin=C5-2
Added Pin To Net: NetName=GND Pin=C6-1
Added Pin To Net: NetName=3V3 Pin=C6-2
Added Pin To Net: NetName=GND Pin=C7-1
Added Pin To Net: NetName=3V3 Pin=C7-2
Added Pin To Net: NetName=GND Pin=C8-1
Added Pin To Net: NetName=3V3 Pin=C8-2
Added Pin To Net: NetName=GND Pin=C9-1
Added Pin To Net: NetName=NetC9_2 Pin=C9-2
Added Pin To Net: NetName=GND Pin=C10-1
Added Pin To Net: NetName=NetC9_2 Pin=C10-2
Added Pin To Net: NetName=GND Pin=C11-1
Added Pin To Net: NetName=RESET Pin=C11-2
Added Pin To Net: NetName=GND Pin=C12-1
Added Pin To Net: NetName=NetC12_2 Pin=C12-2
Added Pin To Net: NetName=GND Pin=C13-1
Added Pin To Net: NetName=NetC13_2 Pin=C13-2
Added Pin To Net: NetName=NetANT1_1 Pin=C14-1
Added Pin To Net: NetName=NetC14_2 Pin=C14-2
Added Pin To Net: NetName=NetC15_1 Pin=C15-1
Added Pin To Net: NetName=NetC14_2 Pin=C15-2
Added Pin To Net: NetName=NetC16_1 Pin=C16-1
Added Pin To Net: NetName=NetC15_1 Pin=C16-2
Added Pin To Net: NetName=GND Pin=C17-1
Added Pin To Net: NetName=3V3 Pin=C17-2
Added Pin To Net: NetName=GND Pin=C18-1
Added Pin To Net: NetName=3V3 Pin=C18-2
Added Pin To Net: NetName=GND Pin=C19-1
Added Pin To Net: NetName=3V3 Pin=C19-2
Added Pin To Net: NetName=GND Pin=C20-1
Added Pin To Net: NetName=3V3 Pin=C20-2
Added Pin To Net: NetName=GND Pin=C21-1
Added Pin To Net: NetName=3V3 Pin=C21-2
Added Pin To Net: NetName=GND Pin=C22-1
Added Pin To Net: NetName=3V3 Pin=C22-2
Added Pin To Net: NetName=GND Pin=C23-1
Added Pin To Net: NetName=5V Pin=C23-2
Added Pin To Net: NetName=GND Pin=C24-1
Added Pin To Net: NetName=3V3 Pin=C24-2
Added Pin To Net: NetName=GND Pin=L1-1
Added Pin To Net: NetName=NetANT1_1 Pin=L1-2
Added Pin To Net: NetName=GND Pin=L2-1
Added Pin To Net: NetName=NetC14_2 Pin=L2-2
Added Pin To Net: NetName=3V3 Pin=P1-1
Added Pin To Net: NetName=3V3 Pin=P1-2
Added Pin To Net: NetName=NetP1_3 Pin=P1-3
Added Pin To Net: NetName=GND Pin=P1-4
Added Pin To Net: NetName=NetP1_5 Pin=P1-5
Added Pin To Net: NetName=GND Pin=P1-6
Added Pin To Net: NetName=NetP1_7 Pin=P1-7
Added Pin To Net: NetName=GND Pin=P1-8
Added Pin To Net: NetName=NetP1_9 Pin=P1-9
Added Pin To Net: NetName=GND Pin=P1-10
Added Pin To Net: NetName=GND Pin=P1-12
Added Pin To Net: NetName=NetP1_13 Pin=P1-13
Added Pin To Net: NetName=GND Pin=P1-14
Added Pin To Net: NetName=RESET Pin=P1-15
Added Pin To Net: NetName=GND Pin=P1-16
Added Pin To Net: NetName=GND Pin=P1-18
Added Pin To Net: NetName=GND Pin=P1-20
Added Pin To Net: NetName=5V Pin=P2-1
Added Pin To Net: NetName=GND Pin=P2-2
Added Pin To Net: NetName=NetP2_3 Pin=P2-3
Added Pin To Net: NetName=NetP2_4 Pin=P2-4
Added Pin To Net: NetName=5V Pin=P3-1
Added Pin To Net: NetName=GND Pin=P3-2
Added Pin To Net: NetName=NetP3_3 Pin=P3-3
Added Pin To Net: NetName=NetP3_4 Pin=P3-4
Added Pin To Net: NetName=SPI1_MOSI Pin=P3-5
Added Pin To Net: NetName=SPI1_MISO Pin=P3-6
Added Pin To Net: NetName=SPI1_SCK Pin=P3-7
Added Pin To Net: NetName=3V3 Pin=P4-1
Added Pin To Net: NetName=USART1_TX Pin=P4-2
Added Pin To Net: NetName=GND Pin=P4-3
Added Pin To Net: NetName=3V3 Pin=P5-1
Added Pin To Net: NetName=USART1_TX Pin=P5-2
Added Pin To Net: NetName=GND Pin=P5-3
Added Pin To Net: NetName=NetC16_1 Pin=P6-1
Added Pin To Net: NetName=GND Pin=P6-2
Added Pin To Net: NetName=NetP7_1 Pin=P7-1
Added Pin To Net: NetName=NetP7_2 Pin=P7-2
Added Pin To Net: NetName=NetP7_3 Pin=P7-3
Added Pin To Net: NetName=GND Pin=P8-1
Added Pin To Net: NetName=3V3 Pin=P8-2
Added Pin To Net: NetName=NetP8_4 Pin=P8-4
Added Pin To Net: NetName=NetP8_5 Pin=P8-5
Added Pin To Net: NetName=NetP8_6 Pin=P8-6
Added Pin To Net: NetName=D8 Pin=P8-7
Added Pin To Net: NetName=D9 Pin=P8-8
Added Pin To Net: NetName=D10 Pin=P8-9
Added Pin To Net: NetName=D11 Pin=P8-10
Added Pin To Net: NetName=D12 Pin=P8-11
Added Pin To Net: NetName=D13 Pin=P8-12
Added Pin To Net: NetName=D14 Pin=P8-13
Added Pin To Net: NetName=D15 Pin=P8-14
Added Pin To Net: NetName=NetP8_15 Pin=P8-15
Added Pin To Net: NetName=NetP8_17 Pin=P8-17
Added Pin To Net: NetName=NetP8_19 Pin=P8-19
Added Pin To Net: NetName=D0 Pin=P8-21
Added Pin To Net: NetName=D1 Pin=P8-22
Added Pin To Net: NetName=D2 Pin=P8-23
Added Pin To Net: NetName=D3 Pin=P8-24
Added Pin To Net: NetName=D4 Pin=P8-25
Added Pin To Net: NetName=D5 Pin=P8-26
Added Pin To Net: NetName=D6 Pin=P8-27
Added Pin To Net: NetName=D7 Pin=P8-28
Added Pin To Net: NetName=SPI1_SCK Pin=P8-29
Added Pin To Net: NetName=NetP8_30 Pin=P8-30
Added Pin To Net: NetName=SPI1_MOSI Pin=P8-31
Added Pin To Net: NetName=NetP8_32 Pin=P8-32
Added Pin To Net: NetName=SPI1_MISO Pin=P8-33
Added Pin To Net: NetName=NetP8_34 Pin=P8-34
Added Pin To Net: NetName=SPI1_MISO Pin=P8-35
Added Pin To Net: NetName=SPI1_SCK Pin=P8-36
Added Pin To Net: NetName=SPI1_MOSI Pin=P8-37
Added Pin To Net: NetName=NetP8_38 Pin=P8-38
Added Pin To Net: NetName=3V3 Pin=P9-1
Added Pin To Net: NetName=GND Pin=P9-2
Added Pin To Net: NetName=D0 Pin=P9-3
Added Pin To Net: NetName=D1 Pin=P9-4
Added Pin To Net: NetName=D2 Pin=P9-5
Added Pin To Net: NetName=D3 Pin=P9-6
Added Pin To Net: NetName=D4 Pin=P9-7
Added Pin To Net: NetName=D5 Pin=P9-8
Added Pin To Net: NetName=D6 Pin=P9-9
Added Pin To Net: NetName=D7 Pin=P9-10
Added Pin To Net: NetName=D8 Pin=P9-11
Added Pin To Net: NetName=D9 Pin=P9-12
Added Pin To Net: NetName=D10 Pin=P9-13
Added Pin To Net: NetName=D11 Pin=P9-14
Added Pin To Net: NetName=D12 Pin=P9-15
Added Pin To Net: NetName=D13 Pin=P9-16
Added Pin To Net: NetName=D14 Pin=P9-17
Added Pin To Net: NetName=D15 Pin=P9-18
Added Pin To Net: NetName=NetP8_15 Pin=P9-19
Added Pin To Net: NetName=NetP8_4 Pin=P9-20
Added Pin To Net: NetName=NetP8_5 Pin=P9-21
Added Pin To Net: NetName=NetP8_6 Pin=P9-22
Added Pin To Net: NetName=NetP8_17 Pin=P9-23
Added Pin To Net: NetName=NetP8_19 Pin=P9-24
Added Pin To Net: NetName=SPI1_MISO Pin=P9-25
Added Pin To Net: NetName=NetP8_34 Pin=P9-26
Added Pin To Net: NetName=SPI1_MOSI Pin=P9-27
Added Pin To Net: NetName=SPI1_SCK Pin=P9-29
Added Pin To Net: NetName=NetP8_30 Pin=P9-31
Added Pin To Net: NetName=NetP8_38 Pin=P9-32
Added Pin To Net: NetName=D0 Pin=P10-1
Added Pin To Net: NetName=D1 Pin=P10-2
Added Pin To Net: NetName=D2 Pin=P10-3
Added Pin To Net: NetName=D3 Pin=P10-4
Added Pin To Net: NetName=GND Pin=P10-5
Added Pin To Net: NetName=NetP8_15 Pin=P10-7
Added Pin To Net: NetName=NetP8_4 Pin=P10-8
Added Pin To Net: NetName=NetP8_5 Pin=P10-9
Added Pin To Net: NetName=NetP8_6 Pin=P10-10
Added Pin To Net: NetName=NetP10_12 Pin=P10-12
Added Pin To Net: NetName=NetP10_13 Pin=P10-13
Added Pin To Net: NetName=NetP10_14 Pin=P10-14
Added Pin To Net: NetName=NetP10_15 Pin=P10-15
Added Pin To Net: NetName=3V3 Pin=P10-16
Added Pin To Net: NetName=NetP10_17 Pin=P10-17
Added Pin To Net: NetName=NetP10_18 Pin=P10-18
Added Pin To Net: NetName=NetP10_19 Pin=P10-19
Added Pin To Net: NetName=NetP10_20 Pin=P10-20
Added Pin To Net: NetName=D4 Pin=P10-22
Added Pin To Net: NetName=D8 Pin=P10-23
Added Pin To Net: NetName=D9 Pin=P10-24
Added Pin To Net: NetName=D10 Pin=P10-25
Added Pin To Net: NetName=D11 Pin=P10-26
Added Pin To Net: NetName=D12 Pin=P10-27
Added Pin To Net: NetName=D13 Pin=P10-28
Added Pin To Net: NetName=D14 Pin=P10-29
Added Pin To Net: NetName=D15 Pin=P10-30
Added Pin To Net: NetName=NetP8_17 Pin=P10-31
Added Pin To Net: NetName=3V3 Pin=P10-32
Added Pin To Net: NetName=3V3 Pin=P10-33
Added Pin To Net: NetName=GND Pin=P10-34
Added Pin To Net: NetName=D5 Pin=P10-35
Added Pin To Net: NetName=D6 Pin=P10-36
Added Pin To Net: NetName=D7 Pin=P10-37
Added Pin To Net: NetName=GND Pin=P11-1
Added Pin To Net: NetName=NetP11_10 Pin=P11-10
Added Pin To Net: NetName=NetP11_12 Pin=P11-12
Added Pin To Net: NetName=NetP11_14 Pin=P11-14
Added Pin To Net: NetName=SPI1_SCK Pin=P11-16
Added Pin To Net: NetName=SPI1_MOSI Pin=P11-18
Added Pin To Net: NetName=GND Pin=P11-19
Added Pin To Net: NetName=SPI1_MISO Pin=P11-20
Added Pin To Net: NetName=GND Pin=P12-2
Added Pin To Net: NetName=3V3 Pin=P12-7
Added Pin To Net: NetName=3V3 Pin=P12-9
Added Pin To Net: NetName=NetP13_1 Pin=P13-1
Added Pin To Net: NetName=NetP13_2 Pin=P13-2
Added Pin To Net: NetName=NetP1_13 Pin=P13-3
Added Pin To Net: NetName=NetP13_4 Pin=P13-4
Added Pin To Net: NetName=3V3 Pin=P14-1
Added Pin To Net: NetName=BOOT0 Pin=P14-2
Added Pin To Net: NetName=3V3 Pin=P14-3
Added Pin To Net: NetName=BOOT1 Pin=P14-4
Added Pin To Net: NetName=NetQ1_1 Pin=Q1-1
Added Pin To Net: NetName=NetQ1_2 Pin=Q1-2
Added Pin To Net: NetName=GND Pin=Q1-3
Added Pin To Net: NetName=GND Pin=R1-1
Added Pin To Net: NetName=BOOT0 Pin=R1-2
Added Pin To Net: NetName=GND Pin=R2-1
Added Pin To Net: NetName=BOOT1 Pin=R2-2
Added Pin To Net: NetName=GND Pin=R4-1
Added Pin To Net: NetName=NetR4_2 Pin=R4-2
Added Pin To Net: NetName=USART1_TX Pin=R5-1
Added Pin To Net: NetName=3V3 Pin=R5-2
Added Pin To Net: NetName=NetR6_1 Pin=R6-1
Added Pin To Net: NetName=GND Pin=R6-2
Added Pin To Net: NetName=GND Pin=R7-1
Added Pin To Net: NetName=NetR7_2 Pin=R7-2
Added Pin To Net: NetName=NetQ1_1 Pin=R8-1
Added Pin To Net: NetName=NetP10_20 Pin=R8-2
Added Pin To Net: NetName=NetQ1_1 Pin=R9-1
Added Pin To Net: NetName=NetP10_19 Pin=R9-2
Added Pin To Net: NetName=NetQ1_1 Pin=R10-1
Added Pin To Net: NetName=NetP10_18 Pin=R10-2
Added Pin To Net: NetName=NetQ1_1 Pin=R11-1
Added Pin To Net: NetName=NetP10_17 Pin=R11-2
Added Pin To Net: NetName=NetP8_19 Pin=R12-1
Added Pin To Net: NetName=3V3 Pin=R12-2
Added Pin To Net: NetName=NetQ1_2 Pin=R13-1
Added Pin To Net: NetName=NetP8_19 Pin=R13-2
Added Pin To Net: NetName=GND Pin=S1-1
Added Pin To Net: NetName=RESET Pin=S1-2
Added Pin To Net: NetName=3V3 Pin=U1-1
Added Pin To Net: NetName=D13 Pin=U1-2
Added Pin To Net: NetName=D14 Pin=U1-3
Added Pin To Net: NetName=D15 Pin=U1-4
Added Pin To Net: NetName=NetC13_2 Pin=U1-5
Added Pin To Net: NetName=NetC12_2 Pin=U1-6
Added Pin To Net: NetName=RESET Pin=U1-7
Added Pin To Net: NetName=D0 Pin=U1-8
Added Pin To Net: NetName=D1 Pin=U1-9
Added Pin To Net: NetName=D2 Pin=U1-10
Added Pin To Net: NetName=D3 Pin=U1-11
Added Pin To Net: NetName=GND Pin=U1-12
Added Pin To Net: NetName=3V3 Pin=U1-13
Added Pin To Net: NetName=NetR4_2 Pin=U1-14
Added Pin To Net: NetName=NetP10_12 Pin=U1-15
Added Pin To Net: NetName=NetP10_14 Pin=U1-16
Added Pin To Net: NetName=NetP10_13 Pin=U1-17
Added Pin To Net: NetName=GND Pin=U1-18
Added Pin To Net: NetName=3V3 Pin=U1-19
Added Pin To Net: NetName=NetP10_15 Pin=U1-20
Added Pin To Net: NetName=SPI1_SCK Pin=U1-21
Added Pin To Net: NetName=SPI1_MISO Pin=U1-22
Added Pin To Net: NetName=SPI1_MOSI Pin=U1-23
Added Pin To Net: NetName=D4 Pin=U1-24
Added Pin To Net: NetName=D5 Pin=U1-25
Added Pin To Net: NetName=NetP3_3 Pin=U1-26
Added Pin To Net: NetName=NetP3_4 Pin=U1-27
Added Pin To Net: NetName=BOOT1 Pin=U1-28
Added Pin To Net: NetName=NetP8_4 Pin=U1-29
Added Pin To Net: NetName=NetP8_15 Pin=U1-30
Added Pin To Net: NetName=NetC9_2 Pin=U1-31
Added Pin To Net: NetName=3V3 Pin=U1-32
Added Pin To Net: NetName=NetP8_17 Pin=U1-33
Added Pin To Net: NetName=NetP8_34 Pin=U1-34
Added Pin To Net: NetName=NetP8_30 Pin=U1-35
Added Pin To Net: NetName=NetP8_19 Pin=U1-36
Added Pin To Net: NetName=D6 Pin=U1-37
Added Pin To Net: NetName=D7 Pin=U1-38
Added Pin To Net: NetName=D8 Pin=U1-39
Added Pin To Net: NetName=D9 Pin=U1-40
Added Pin To Net: NetName=NetP8_32 Pin=U1-41
Added Pin To Net: NetName=USART1_TX Pin=U1-42
Added Pin To Net: NetName=NetP2_3 Pin=U1-43
Added Pin To Net: NetName=NetP2_4 Pin=U1-44
Added Pin To Net: NetName=NetP8_38 Pin=U1-45
Added Pin To Net: NetName=NetP1_7 Pin=U1-46
Added Pin To Net: NetName=NetC9_2 Pin=U1-47
Added Pin To Net: NetName=3V3 Pin=U1-48
Added Pin To Net: NetName=NetP1_9 Pin=U1-49
Added Pin To Net: NetName=NetP1_5 Pin=U1-50
Added Pin To Net: NetName=D10 Pin=U1-51
Added Pin To Net: NetName=D11 Pin=U1-52
Added Pin To Net: NetName=D12 Pin=U1-53
Added Pin To Net: NetName=NetP13_2 Pin=U1-55
Added Pin To Net: NetName=NetP1_3 Pin=U1-56
Added Pin To Net: NetName=NetP11_14 Pin=U1-57
Added Pin To Net: NetName=NetP11_12 Pin=U1-58
Added Pin To Net: NetName=NetP11_10 Pin=U1-59
Added Pin To Net: NetName=BOOT0 Pin=U1-60
Added Pin To Net: NetName=NetP8_5 Pin=U1-61
Added Pin To Net: NetName=NetP8_6 Pin=U1-62
Added Pin To Net: NetName=GND Pin=U1-63
Added Pin To Net: NetName=3V3 Pin=U1-64
Added Pin To Net: NetName=GND Pin=U2-1
Added Pin To Net: NetName=NetP7_3 Pin=U2-2
Added Pin To Net: NetName=NetP7_2 Pin=U2-4
Added Pin To Net: NetName=NetU2_5 Pin=U2-5
Added Pin To Net: NetName=NetU2_5 Pin=U2-7
Added Pin To Net: NetName=GND Pin=U2-9
Added Pin To Net: NetName=GND Pin=U2-10
Added Pin To Net: NetName=GND Pin=U2-11
Added Pin To Net: NetName=NetP11_14 Pin=U2-12
Added Pin To Net: NetName=SPI1_MISO Pin=U2-13
Added Pin To Net: NetName=NetP11_12 Pin=U2-14
Added Pin To Net: NetName=SPI1_MOSI Pin=U2-15
Added Pin To Net: NetName=GND Pin=U2-16
Added Pin To Net: NetName=SPI1_SCK Pin=U2-17
Added Pin To Net: NetName=GND Pin=U2-18
Added Pin To Net: NetName=3V3 Pin=U2-19
Added Pin To Net: NetName=GND Pin=U2-20
Added Pin To Net: NetName=GND Pin=U2-21
Added Pin To Net: NetName=GND Pin=U2-22
Added Pin To Net: NetName=3V3 Pin=U2-23
Added Pin To Net: NetName=NetP7_1 Pin=U2-24
Added Pin To Net: NetName=GND Pin=U2-25
Added Pin To Net: NetName=NetP11_10 Pin=U2-26
Added Pin To Net: NetName=NetU2_27 Pin=U2-27
Added Pin To Net: NetName=NetU2_27 Pin=U2-28
Added Pin To Net: NetName=NetU2_29 Pin=U2-29
Added Pin To Net: NetName=NetU2_29 Pin=U2-30
Added Pin To Net: NetName=GND Pin=U2-31
Added Pin To Net: NetName=GND Pin=U2-32
Added Pin To Net: NetName=GND Pin=U2-33
Added Pin To Net: NetName=GND Pin=U2-34
Added Pin To Net: NetName=NetC15_1 Pin=U2-35
Added Pin To Net: NetName=GND Pin=U2-36
Added Pin To Net: NetName=GND Pin=U2-37
Added Pin To Net: NetName=GND Pin=U2-38
Added Pin To Net: NetName=GND Pin=U2-39
Added Pin To Net: NetName=GND Pin=U2-40
Added Pin To Net: NetName=GND Pin=U2-41
Added Pin To Net: NetName=GND Pin=U2-42
Added Pin To Net: NetName=GND Pin=U2-43
Added Pin To Net: NetName=GND Pin=U2-44
Added Pin To Net: NetName=GND Pin=U2-45
Added Pin To Net: NetName=GND Pin=U2-46
Added Pin To Net: NetName=GND Pin=U3-1
Added Pin To Net: NetName=3V3 Pin=U3-2
Added Pin To Net: NetName=GND Pin=U3-3
Added Pin To Net: NetName=NetP1_7 Pin=U3-4
Added Pin To Net: NetName=NetP1_9 Pin=U3-5
Added Pin To Net: NetName=NetP13_1 Pin=U3-6
Added Pin To Net: NetName=NetP13_4 Pin=U3-7
Added Pin To Net: NetName=NetP1_3 Pin=U3-8
Added Pin To Net: NetName=3V3 Pin=U3-14
Added Pin To Net: NetName=3V3 Pin=U3-15
Added Pin To Net: NetName=NetR6_1 Pin=U3-16
Added Pin To Net: NetName=GND Pin=U3-17
Added Pin To Net: NetName=GND Pin=U3-20
Added Pin To Net: NetName=3V3 Pin=U3-28
Added Pin To Net: NetName=NetR7_2 Pin=U3-29
Added Pin To Net: NetName=SPI1_MOSI Pin=U3-30
Added Pin To Net: NetName=SPI1_MISO Pin=U3-31
Added Pin To Net: NetName=SPI1_SCK Pin=U3-32
Added Pin To Net: NetName=NetP11_14 Pin=U3-33
Added Pin To Net: NetName=RESET Pin=U3-34
Added Pin To Net: NetName=GND Pin=U3-35
Added Pin To Net: NetName=GND Pin=U3-36
Added Pin To Net: NetName=GND Pin=U3-37
Added Pin To Net: NetName=GND Pin=U3-38
Added Pin To Net: NetName=GND Pin=U3-39
Added Pin To Net: NetName=GND Pin=U3-40
Added Pin To Net: NetName=GND Pin=U3-41
Added Pin To Net: NetName=GND Pin=U3-42
Added Pin To Net: NetName=GND Pin=U3-43
Added Pin To Net: NetName=GND Pin=U3-44
Added Pin To Net: NetName=GND Pin=U4-1
Added Pin To Net: NetName=3V3 Pin=U4-2
Added Pin To Net: NetName=5V Pin=U4-3
Added Pin To Net: NetName=NetC13_2 Pin=Y1-1
Added Pin To Net: NetName=NetC12_2 Pin=Y1-2
Added Member To Class: ClassName=CC3000MOD Member=Component ANT1 ANT-SMT-2
Added Member To Class: ClassName=BrewBitTC Member=Component C1 Cap
Added Member To Class: ClassName=BrewBitTC Member=Component C2 Cap
Added Member To Class: ClassName=BrewBitTC Member=Component C3 Cap
Added Member To Class: ClassName=BrewBitTC Member=Component C4 Cap
Added Member To Class: ClassName=BrewBitTC Member=Component C5 Cap
Added Member To Class: ClassName=BrewBitTC Member=Component C6 Cap
Added Member To Class: ClassName=BrewBitTC Member=Component C7 Cap
Added Member To Class: ClassName=BrewBitTC Member=Component C8 Cap
Added Member To Class: ClassName=BrewBitTC Member=Component C9 Cap
Added Member To Class: ClassName=BrewBitTC Member=Component C10 Cap
Added Member To Class: ClassName=BrewBitTC Member=Component C11 Cap
Added Member To Class: ClassName=BrewBitTC Member=Component C12 Cap
Added Member To Class: ClassName=BrewBitTC Member=Component C13 Cap
Added Member To Class: ClassName=CC3000MOD Member=Component C14 Cap
Added Member To Class: ClassName=CC3000MOD Member=Component C15 Cap
Added Member To Class: ClassName=CC3000MOD Member=Component C16 Cap
Added Member To Class: ClassName=CC3000MOD Member=Component C17 Cap
Added Member To Class: ClassName=CC3000MOD Member=Component C18 Cap
Added Member To Class: ClassName=ISM4319 Member=Component C19 Cap
Added Member To Class: ClassName=ISM4319 Member=Component C20 Cap
Added Member To Class: ClassName=ISM4319 Member=Component C21 Cap
Added Member To Class: ClassName=ISM4319 Member=Component C22 Cap
Added Member To Class: ClassName=BrewBitTC Member=Component C23 Cap
Added Member To Class: ClassName=BrewBitTC Member=Component C24 Cap
Added Member To Class: ClassName=CC3000MOD Member=Component L1 Inductor
Added Member To Class: ClassName=CC3000MOD Member=Component L2 Inductor
Added Member To Class: ClassName=BrewBitTC Member=Component P1 JTAG
Added Member To Class: ClassName=BrewBitTC Member=Component P2 PWR_BRD
Added Member To Class: ClassName=BrewBitTC Member=Component P3 900 MHz
Added Member To Class: ClassName=BrewBitTC Member=Component P4 OW1
Added Member To Class: ClassName=BrewBitTC Member=Component P5 OW2
Added Member To Class: ClassName=CC3000MOD Member=Component P6 U.FL
Added Member To Class: ClassName=CC3000MOD Member=Component P7 WL_TEST
Added Member To Class: ClassName=ITDB02 Member=Component P8 SainSmart 3.2" LCD
Added Member To Class: ClassName=HAOYU-YX32B Member=Component P9 HAOYU YX32B
Added Member To Class: ClassName=MTF0320CMIL-04 Member=Component P10 MTF0320CMIL-04
Added Member To Class: ClassName=CC3000EM Member=Component P11 CC3000EM_RF1
Added Member To Class: ClassName=CC3000EM Member=Component P12 CC3000EM_RF2
Added Member To Class: ClassName=BrewBitTC Member=Component P13 JTAG_DAISY
Added Member To Class: ClassName=BrewBitTC Member=Component P14 BOOT_SEL
Added Member To Class: ClassName=MTF0320CMIL-04 Member=Component Q1 NPN
Added Member To Class: ClassName=BrewBitTC Member=Component R1 Res2
Added Member To Class: ClassName=BrewBitTC Member=Component R2 Res2
Added Member To Class: ClassName=BrewBitTC Member=Component R4 Res2
Added Member To Class: ClassName=BrewBitTC Member=Component R5 Res2
Added Member To Class: ClassName=ISM4319 Member=Component R6 Res2
Added Member To Class: ClassName=ISM4319 Member=Component R7 Res2
Added Member To Class: ClassName=MTF0320CMIL-04 Member=Component R8 Res2
Added Member To Class: ClassName=MTF0320CMIL-04 Member=Component R9 Res2
Added Member To Class: ClassName=MTF0320CMIL-04 Member=Component R10 Res2
Added Member To Class: ClassName=MTF0320CMIL-04 Member=Component R11 Res2
Added Member To Class: ClassName=MTF0320CMIL-04 Member=Component R12 Res2
Added Member To Class: ClassName=MTF0320CMIL-04 Member=Component R13 Res2
Added Member To Class: ClassName=BrewBitTC Member=Component S1 SW-PB
Added Member To Class: ClassName=BrewBitTC Member=Component U1 STM32F205
Added Member To Class: ClassName=CC3000MOD Member=Component U2 CC3000
Added Member To Class: ClassName=ISM4319 Member=Component U3 ISM43xx
Added Member To Class: ClassName=BrewBitTC Member=Component U4 NCP1117
Added Member To Class: ClassName=BrewBitTC Member=Component Y1 XTAL
