Removed Parameter LatestRevisionDate:29-May-2009 from Part L1
Removed Parameter LatestRevisionDate:29-May-2009 from Part L2
Removed Parameter LatestRevisionNote:IPC-7351 Footprint Added. from Part L1
Removed Parameter LatestRevisionNote:IPC-7351 Footprint Added. from Part L2
Removed Parameter LatestRevisionNote:Re-released for DXP Platform. from Part C17
Removed Parameter LatestRevisionNote:Re-released for DXP Platform. from Part C18
Removed Parameter LatestRevisionNote:Re-released for DXP Platform. from Part P6
Removed Parameter LatestRevisionNote:Re-released for DXP Platform. from Part P7
Removed Parameter PackageDescription:Chip Inductor from Part L1
Removed Parameter PackageDescription:Chip Inductor from Part L2
Removed Parameter PackageDescription:Radial Cap, Thru-Hole; 2 Leads; 0.3 in Pin Spacing from Part C17
Removed Parameter PackageDescription:Radial Cap, Thru-Hole; 2 Leads; 0.3 in Pin Spacing from Part C18
Removed Parameter PackageReference:0402-A from Part L1
Removed Parameter PackageReference:0402-A from Part L2
Removed Parameter PackageReference:RAD-0.3 from Part C17
Removed Parameter PackageReference:RAD-0.3 from Part C18
Removed Parameter Published:8-Jun-2000 from Part C17
Removed Parameter Published:8-Jun-2000 from Part C18
Removed Parameter Published:8-Jun-2000 from Part L1
Removed Parameter Published:8-Jun-2000 from Part L2
Removed Parameter Publisher:Altium Limited from Part C17
Removed Parameter Publisher:Altium Limited from Part C18
Removed Parameter Publisher:Altium Limited from Part L1
Removed Parameter Publisher:Altium Limited from Part L2
Removed Parameter Publisher:Altium Limited from Part P6
Removed Parameter Publisher:Altium Limited from Part P7
