Removed Parameter LatestRevisionNote:Re-released for DXP Platform. from Part C19
Removed Parameter LatestRevisionNote:Re-released for DXP Platform. from Part C20
Removed Parameter LatestRevisionNote:Re-released for DXP Platform. from Part C21
Removed Parameter LatestRevisionNote:Re-released for DXP Platform. from Part C22
Removed Parameter LatestRevisionNote:Re-released for DXP Platform. from Part R6
Removed Parameter LatestRevisionNote:Re-released for DXP Platform. from Part R7
Removed Parameter PackageDescription:Axial Device, Thru-Hole; 2 Leads; 0.4 in Pin Spacing from Part R6
Removed Parameter PackageDescription:Axial Device, Thru-Hole; 2 Leads; 0.4 in Pin Spacing from Part R7
Removed Parameter PackageDescription:Radial Cap, Thru-Hole; 2 Leads; 0.3 in Pin Spacing from Part C19
Removed Parameter PackageDescription:Radial Cap, Thru-Hole; 2 Leads; 0.3 in Pin Spacing from Part C20
Removed Parameter PackageDescription:Radial Cap, Thru-Hole; 2 Leads; 0.3 in Pin Spacing from Part C21
Removed Parameter PackageDescription:Radial Cap, Thru-Hole; 2 Leads; 0.3 in Pin Spacing from Part C22
Removed Parameter PackageReference:AXIAL-0.4 from Part R6
Removed Parameter PackageReference:AXIAL-0.4 from Part R7
Removed Parameter PackageReference:RAD-0.3 from Part C19
Removed Parameter PackageReference:RAD-0.3 from Part C20
Removed Parameter PackageReference:RAD-0.3 from Part C21
Removed Parameter PackageReference:RAD-0.3 from Part C22
Removed Parameter Published:8-Jun-2000 from Part C19
Removed Parameter Published:8-Jun-2000 from Part C20
Removed Parameter Published:8-Jun-2000 from Part C21
Removed Parameter Published:8-Jun-2000 from Part C22
Removed Parameter Published:8-Jun-2000 from Part R6
Removed Parameter Published:8-Jun-2000 from Part R7
Removed Parameter Publisher:Altium Limited from Part C19
Removed Parameter Publisher:Altium Limited from Part C20
Removed Parameter Publisher:Altium Limited from Part C21
Removed Parameter Publisher:Altium Limited from Part C22
Removed Parameter Publisher:Altium Limited from Part R6
Removed Parameter Publisher:Altium Limited from Part R7
